{
  "stats": {
    "suites": 1,
    "tests": 1,
    "passes": 1,
    "pending": 0,
    "failures": 0,
    "start": "2022-06-27T01:27:18.009Z",
    "end": "2022-06-27T01:27:21.101Z",
    "duration": 3092,
    "testsRegistered": 1,
    "passPercent": 100,
    "pendingPercent": 0,
    "other": 0,
    "hasOther": false,
    "skipped": 0,
    "hasSkipped": false
  },
  "results": [
    {
      "uuid": "e073ba66-c9f7-4134-a4f2-3f7c62fc8aac",
      "title": "",
      "fullFile": "cypress/integration/ship.product.spec.js",
      "file": "cypress/integration/ship.product.spec.js",
      "beforeHooks": [],
      "afterHooks": [],
      "tests": [],
      "suites": [
        {
          "uuid": "f80d5aa6-a13c-4ef5-bf53-5280aa12288c",
          "title": "Shiping new product ",
          "fullFile": "",
          "file": "",
          "beforeHooks": [],
          "afterHooks": [],
          "tests": [
            {
              "title": "Frenchie Store",
              "fullTitle": "Shiping new product  Frenchie Store",
              "timedOut": null,
              "duration": 3063,
              "state": "passed",
              "speed": "slow",
              "pass": true,
              "fail": false,
              "pending": false,
              "context": null,
              "code": "cy.visit('/');\ncy.get(':nth-child(1) > .mfProducts-MuiPaper-root > .mfProducts-MuiCardHeader-root > .mfProducts-MuiCardHeader-action > .mfProducts-MuiButtonBase-root > .mfProducts-MuiIconButton-label > .mfProducts-MuiSvgIcon-root > path').click();\ncy.get('.frenchieStoreHost-MuiBadge-root > .frenchieStoreHost-MuiSvgIcon-root').click();\ncy.get('.mfCart-MuiTableBody-root > .mfCart-MuiTableRow-root > :nth-child(1)').contains('Blue Shirt');\ncy.get('.mfCart-MuiTableBody-root > .mfCart-MuiTableRow-root > :nth-child(2)').contains('$25.99');\ncy.screenshot();",
              "err": {},
              "uuid": "14452f10-8ca9-4fc0-8749-a7ec1f62967e",
              "parentUUID": "f80d5aa6-a13c-4ef5-bf53-5280aa12288c",
              "isHook": false,
              "skipped": false
            }
          ],
          "suites": [],
          "passes": [
            "14452f10-8ca9-4fc0-8749-a7ec1f62967e"
          ],
          "failures": [],
          "pending": [],
          "skipped": [],
          "duration": 3063,
          "root": false,
          "rootEmpty": false,
          "_timeout": 2000
        }
      ],
      "passes": [],
      "failures": [],
      "pending": [],
      "skipped": [],
      "duration": 0,
      "root": true,
      "rootEmpty": true,
      "_timeout": 2000
    }
  ],
  "meta": {
    "mocha": {
      "version": "7.0.1"
    },
    "mochawesome": {
      "options": {
        "quiet": false,
        "reportFilename": "pague-menos",
        "saveHtml": false,
        "saveJson": true,
        "consoleReporter": "spec",
        "useInlineDiffs": false,
        "code": true
      },
      "version": "6.2.2"
    },
    "marge": {
      "options": {
        "reportDir": "cypress/reports/separate-reports",
        "reportFilename": "pague-menos",
        "overwrite": false,
        "html": false,
        "json": true
      },
      "version": "5.2.0"
    }
  }
}